2023-05-13T02:29:30.044Z  +2410ms [debug] Config loaded {"version":"2.8.12","cdkVersion":"2.72.1","constructsVersion":"10.1.156","config":{"name":"crow","region":"us-east-1","stage":"local","ssmPrefix":"/sst/crow/local/"},"metafile":{"inputs":{"stacks/AppStack.ts":{"bytes":4474,"imports":[{"path":"sst/constructs","kind":"import-statement","external":true},{"path":"electrodb","kind":"import-statement","external":true},{"path":"@aws-sdk/client-dynamodb","kind":"import-statement","external":true},{"path":"aws-cdk-lib/aws-lambda","kind":"import-statement","external":true},{"path":"./entities/conversation","kind":"import-statement","external":true},{"path":"./entities/customer","kind":"import-statement","external":true},{"path":"./entities/message","kind":"import-statement","external":true},{"path":"./entities/org","kind":"import-statement","external":true},{"path":"./entities/operator","kind":"import-statement","external":true},{"path":"<runtime>","kind":"import-statement","external":true}]},"sst.config.ts":{"bytes":341,"imports":[{"path":"sst","kind":"import-statement","external":true},{"path":"stacks/AppStack.ts","kind":"import-statement","original":"./stacks/AppStack"}]}},"outputs":{".sst.config.1683944968019.mjs":{"imports":[{"path":"sst/constructs","kind":"import-statement","external":true},{"path":"aws-cdk-lib/aws-lambda","kind":"import-statement","external":true}],"exports":["default"],"entryPoint":"sst.config.ts","inputs":{"stacks/AppStack.ts":{"bytesInOutput":2843},"sst.config.ts":{"bytesInOutput":249}},"bytes":12921}}},"paths":{"config":"/home/sol/Projects/ekrata/crow_apps/crow/sst.config.ts","root":"/home/sol/Projects/ekrata/crow_apps/crow","out":"/home/sol/Projects/ekrata/crow_apps/crow/.sst","artifacts":"/home/sol/Projects/ekrata/crow_apps/crow/.sst/artifacts"}}
2023-05-13T02:29:30.884Z   +840ms [debug] Fetching app metadata
2023-05-13T02:29:30.884Z     +0ms [debug] Using AWS profile 
2023-05-13T02:29:30.885Z     +1ms [debug] Initializing bootstrap context
2023-05-13T02:29:30.907Z    +22ms [debug] Created AWS client CloudFormationClient
2023-05-13T02:29:32.126Z  +1219ms [debug] Loaded bootstrap status
2023-05-13T02:29:32.126Z     +0ms [debug] Bootstrap context initialized {"version":"7","bucket":"sstbootstrap-useast124d14e4b-1hfi2zvusee82"}
2023-05-13T02:29:33.188Z  +1062ms [debug] Created AWS client IoTClient
2023-05-13T02:29:33.189Z     +0ms [debug] Getting IoT endpoint
2023-05-13T02:29:33.198Z    +10ms [debug] [kysely-codegen] Loaded kyseley type generator
2023-05-13T02:29:33.199Z     +1ms [debug] Created AWS client RDSDataClient
2023-05-13T02:29:33.210Z    +11ms [debug] Fetching all metadata
2023-05-13T02:29:33.281Z    +71ms [debug] Synthesizing stacks...
2023-05-13T02:29:33.324Z    +43ms [debug] Created AWS client STSClient
2023-05-13T02:29:33.796Z   +472ms [debug] Publishing event {"type":"file.changed","properties":{"file":"/home/sol/Projects/ekrata/crow_apps/crow/lint-staged.config.js","relative":"lint-staged.config.js"},"sourceID":"35262fe4aca8393d9b1b2a2e803e1ecf"}
2023-05-13T02:29:34.257Z   +461ms [debug] Using IoT endpoint: a3kid5076b4hed-ats.iot.us-east-1.amazonaws.com
2023-05-13T02:29:34.257Z     +0ms [debug] Created AWS client S3Client
2023-05-13T02:29:34.299Z    +42ms [debug] Publishing event {"type":"cli.dev","properties":{"stage":"local","app":"crow"},"sourceID":"35262fe4aca8393d9b1b2a2e803e1ecf"}
2023-05-13T02:29:34.299Z     +0ms [debug] Encoded iot message into 1 parts
2023-05-13T02:29:34.305Z     +6ms [debug] Using identity Account: 206508349906 User: AIDATAFG3LHJLWSQFFQ6M
2023-05-13T02:29:34.623Z   +318ms [debug] Running 12 deferred tasks with concurrency: 31
2023-05-13T02:29:34.629Z     +6ms [debug] Generating types in /home/sol/Projects/ekrata/crow_apps/crow/.sst/types
